<?xml version="1.0" encoding="UTF-8"?>
<coverage generated="1783905368238" clover="3.2.0">
  <project timestamp="1783905368239" name="All files">
    <metrics statements="43" coveredstatements="42" conditionals="12" coveredconditionals="11" methods="14" coveredmethods="14" elements="69" coveredelements="67" complexity="0" loc="43" ncloc="43" packages="1" files="2" classes="2"/>
    <file name="myFunctions.js" path="/home/kajen/repos/testing-practice/myFunctions.js">
      <metrics statements="42" coveredstatements="41" conditionals="12" coveredconditionals="11" methods="13" coveredmethods="13"/>
      <line num="2" count="3" type="stmt"/>
      <line num="3" count="3" type="stmt"/>
      <line num="7" count="3" type="stmt"/>
      <line num="8" count="3" type="stmt"/>
      <line num="9" count="34" type="stmt"/>
      <line num="11" count="3" type="stmt"/>
      <line num="14" count="1" type="stmt"/>
      <line num="15" count="1" type="stmt"/>
      <line num="17" count="3" type="stmt"/>
      <line num="21" count="3" type="stmt"/>
      <line num="25" count="3" type="stmt"/>
      <line num="29" count="3" type="stmt"/>
      <line num="40" count="3" type="stmt"/>
      <line num="41" count="3" type="stmt"/>
      <line num="42" count="21" type="stmt"/>
      <line num="46" count="21" type="stmt"/>
      <line num="47" count="21" type="stmt"/>
      <line num="49" count="21" type="cond" truecount="2" falsecount="0"/>
      <line num="50" count="13" type="stmt"/>
      <line num="51" count="13" type="stmt"/>
      <line num="52" count="13" type="cond" truecount="2" falsecount="0"/>
      <line num="53" count="3" type="stmt"/>
      <line num="55" count="13" type="stmt"/>
      <line num="56" count="8" type="cond" truecount="2" falsecount="0"/>
      <line num="57" count="5" type="stmt"/>
      <line num="58" count="5" type="stmt"/>
      <line num="59" count="5" type="cond" truecount="1" falsecount="1"/>
      <line num="60" count="0" type="stmt"/>
      <line num="62" count="5" type="stmt"/>
      <line num="64" count="3" type="stmt"/>
      <line num="67" count="3" type="stmt"/>
      <line num="71" count="3" type="stmt"/>
      <line num="72" count="20" type="stmt"/>
      <line num="73" count="17" type="cond" truecount="2" falsecount="0"/>
      <line num="74" count="17" type="cond" truecount="2" falsecount="0"/>
      <line num="75" count="3" type="stmt"/>
      <line num="76" count="3" type="stmt"/>
      <line num="78" count="3" type="stmt"/>
      <line num="79" count="3" type="stmt"/>
      <line num="80" count="3" type="stmt"/>
      <line num="81" count="3" type="stmt"/>
      <line num="83" count="3" type="stmt"/>
    </file>
    <file name="sum.js" path="/home/kajen/repos/testing-practice/sum.js">
      <metrics statements="1" coveredstatements="1" conditionals="0" coveredconditionals="0" methods="1" coveredmethods="1"/>
      <line num="2" count="1" type="stmt"/>
    </file>
  </project>
</coverage>
