<?xml version="1.0" encoding="UTF-8"?>
<coverage generated="1783275800423" clover="3.2.0">
  <project timestamp="1783275800423" name="All files">
    <metrics statements="8" coveredstatements="5" conditionals="0" coveredconditionals="0" methods="10" coveredmethods="3" elements="18" coveredelements="8" complexity="0" loc="8" ncloc="8" packages="1" files="2" classes="2"/>
    <file name="myFunctions.js" path="/home/kajen/repos/testing-practice/myFunctions.js">
      <metrics statements="7" coveredstatements="4" conditionals="0" coveredconditionals="0" methods="9" coveredmethods="2"/>
      <line num="2" count="3" type="stmt"/>
      <line num="3" count="3" type="stmt"/>
      <line num="7" count="0" type="stmt"/>
      <line num="10" count="1" type="stmt"/>
      <line num="11" count="1" type="stmt"/>
      <line num="20" count="0" type="stmt"/>
      <line num="24" count="0" type="stmt"/>
    </file>
    <file name="sum.js" path="/home/kajen/repos/testing-practice/sum.js">
      <metrics statements="1" coveredstatements="1" conditionals="0" coveredconditionals="0" methods="1" coveredmethods="1"/>
      <line num="2" count="1" type="stmt"/>
    </file>
  </project>
</coverage>
