{"/home/kajen/repos/testing-practice/myFunctions.js": {"path":"/home/kajen/repos/testing-practice/myFunctions.js","statementMap":{"0":{"start":{"line":2,"column":22},"end":{"line":2,"column":74}},"1":{"start":{"line":3,"column":2},"end":{"line":3,"column":21}},"2":{"start":{"line":7,"column":23},"end":{"line":7,"column":25}},"3":{"start":{"line":8,"column":2},"end":{"line":10,"column":3}},"4":{"start":{"line":9,"column":4},"end":{"line":9,"column":34}},"5":{"start":{"line":11,"column":2},"end":{"line":11,"column":24}},"6":{"start":{"line":14,"column":19},"end":{"line":32,"column":4}},"7":{"start":{"line":15,"column":2},"end":{"line":31,"column":4}},"8":{"start":{"line":17,"column":6},"end":{"line":17,"column":19}},"9":{"start":{"line":21,"column":6},"end":{"line":21,"column":19}},"10":{"start":{"line":25,"column":6},"end":{"line":25,"column":19}},"11":{"start":{"line":29,"column":6},"end":{"line":29,"column":19}},"12":{"start":{"line":40,"column":36},"end":{"line":40,"column":38}},"13":{"start":{"line":41,"column":2},"end":{"line":43,"column":3}},"14":{"start":{"line":41,"column":15},"end":{"line":41,"column":16}},"15":{"start":{"line":42,"column":4},"end":{"line":42,"column":70}},"16":{"start":{"line":46,"column":26},"end":{"line":46,"column":54}},"17":{"start":{"line":47,"column":26},"end":{"line":47,"column":54}},"18":{"start":{"line":49,"column":4},"end":{"line":65,"column":5}},"19":{"start":{"line":50,"column":27},"end":{"line":50,"column":54}},"20":{"start":{"line":51,"column":28},"end":{"line":51,"column":56}},"21":{"start":{"line":52,"column":6},"end":{"line":54,"column":7}},"22":{"start":{"line":53,"column":8},"end":{"line":53,"column":65}},"23":{"start":{"line":55,"column":6},"end":{"line":55,"column":44}},"24":{"start":{"line":56,"column":11},"end":{"line":65,"column":5}},"25":{"start":{"line":57,"column":27},"end":{"line":57,"column":54}},"26":{"start":{"line":58,"column":28},"end":{"line":58,"column":56}},"27":{"start":{"line":59,"column":6},"end":{"line":61,"column":7}},"28":{"start":{"line":60,"column":8},"end":{"line":60,"column":65}},"29":{"start":{"line":62,"column":6},"end":{"line":62,"column":44}},"30":{"start":{"line":64,"column":6},"end":{"line":64,"column":18}},"31":{"start":{"line":67,"column":2},"end":{"line":67,"column":37}},"32":{"start":{"line":71,"column":18},"end":{"line":71,"column":59}},"33":{"start":{"line":72,"column":17},"end":{"line":72,"column":61}},"34":{"start":{"line":72,"column":47},"end":{"line":72,"column":57}},"35":{"start":{"line":73,"column":17},"end":{"line":73,"column":73}},"36":{"start":{"line":73,"column":48},"end":{"line":73,"column":71}},"37":{"start":{"line":74,"column":17},"end":{"line":74,"column":73}},"38":{"start":{"line":74,"column":48},"end":{"line":74,"column":71}},"39":{"start":{"line":75,"column":20},"end":{"line":75,"column":34}},"40":{"start":{"line":76,"column":21},"end":{"line":76,"column":43}},"41":{"start":{"line":78,"column":2},"end":{"line":78,"column":35}},"42":{"start":{"line":79,"column":2},"end":{"line":79,"column":27}},"43":{"start":{"line":80,"column":2},"end":{"line":80,"column":27}},"44":{"start":{"line":81,"column":2},"end":{"line":81,"column":33}},"45":{"start":{"line":83,"column":2},"end":{"line":83,"column":19}}},"fnMap":{"0":{"name":"capitalize","decl":{"start":{"line":1,"column":9},"end":{"line":1,"column":19}},"loc":{"start":{"line":1,"column":30},"end":{"line":4,"column":1}},"line":1},"1":{"name":"reverseString","decl":{"start":{"line":6,"column":9},"end":{"line":6,"column":22}},"loc":{"start":{"line":6,"column":33},"end":{"line":12,"column":1}},"line":6},"2":{"name":"(anonymous_2)","decl":{"start":{"line":14,"column":20},"end":{"line":14,"column":21}},"loc":{"start":{"line":14,"column":32},"end":{"line":32,"column":1}},"line":14},"3":{"name":"(anonymous_3)","decl":{"start":{"line":16,"column":9},"end":{"line":16,"column":10}},"loc":{"start":{"line":16,"column":25},"end":{"line":18,"column":5}},"line":16},"4":{"name":"(anonymous_4)","decl":{"start":{"line":20,"column":14},"end":{"line":20,"column":15}},"loc":{"start":{"line":20,"column":30},"end":{"line":22,"column":5}},"line":20},"5":{"name":"(anonymous_5)","decl":{"start":{"line":24,"column":12},"end":{"line":24,"column":13}},"loc":{"start":{"line":24,"column":28},"end":{"line":26,"column":5}},"line":24},"6":{"name":"(anonymous_6)","decl":{"start":{"line":28,"column":14},"end":{"line":28,"column":15}},"loc":{"start":{"line":28,"column":30},"end":{"line":30,"column":5}},"line":28},"7":{"name":"ceaserCipher","decl":{"start":{"line":34,"column":9},"end":{"line":34,"column":21}},"loc":{"start":{"line":34,"column":39},"end":{"line":68,"column":1}},"line":34},"8":{"name":"shiftCharacter","decl":{"start":{"line":45,"column":11},"end":{"line":45,"column":25}},"loc":{"start":{"line":45,"column":55},"end":{"line":66,"column":3}},"line":45},"9":{"name":"analyzeArray","decl":{"start":{"line":70,"column":9},"end":{"line":70,"column":21}},"loc":{"start":{"line":70,"column":31},"end":{"line":84,"column":1}},"line":70},"10":{"name":"(anonymous_10)","decl":{"start":{"line":72,"column":32},"end":{"line":72,"column":33}},"loc":{"start":{"line":72,"column":47},"end":{"line":72,"column":57}},"line":72},"11":{"name":"(anonymous_11)","decl":{"start":{"line":73,"column":32},"end":{"line":73,"column":33}},"loc":{"start":{"line":73,"column":48},"end":{"line":73,"column":71}},"line":73},"12":{"name":"(anonymous_12)","decl":{"start":{"line":74,"column":32},"end":{"line":74,"column":33}},"loc":{"start":{"line":74,"column":48},"end":{"line":74,"column":71}},"line":74}},"branchMap":{"0":{"loc":{"start":{"line":49,"column":4},"end":{"line":65,"column":5}},"type":"if","locations":[{"start":{"line":49,"column":4},"end":{"line":65,"column":5}},{"start":{"line":56,"column":11},"end":{"line":65,"column":5}}],"line":49},"1":{"loc":{"start":{"line":52,"column":6},"end":{"line":54,"column":7}},"type":"if","locations":[{"start":{"line":52,"column":6},"end":{"line":54,"column":7}},{"start":{},"end":{}}],"line":52},"2":{"loc":{"start":{"line":56,"column":11},"end":{"line":65,"column":5}},"type":"if","locations":[{"start":{"line":56,"column":11},"end":{"line":65,"column":5}},{"start":{"line":63,"column":11},"end":{"line":65,"column":5}}],"line":56},"3":{"loc":{"start":{"line":59,"column":6},"end":{"line":61,"column":7}},"type":"if","locations":[{"start":{"line":59,"column":6},"end":{"line":61,"column":7}},{"start":{},"end":{}}],"line":59},"4":{"loc":{"start":{"line":73,"column":48},"end":{"line":73,"column":71}},"type":"cond-expr","locations":[{"start":{"line":73,"column":61},"end":{"line":73,"column":64}},{"start":{"line":73,"column":67},"end":{"line":73,"column":71}}],"line":73},"5":{"loc":{"start":{"line":74,"column":48},"end":{"line":74,"column":71}},"type":"cond-expr","locations":[{"start":{"line":74,"column":61},"end":{"line":74,"column":64}},{"start":{"line":74,"column":67},"end":{"line":74,"column":71}}],"line":74}},"s":{"0":3,"1":3,"2":3,"3":3,"4":34,"5":3,"6":1,"7":1,"8":3,"9":3,"10":3,"11":3,"12":3,"13":3,"14":3,"15":21,"16":21,"17":21,"18":21,"19":13,"20":13,"21":13,"22":3,"23":13,"24":8,"25":5,"26":5,"27":5,"28":0,"29":5,"30":3,"31":3,"32":3,"33":3,"34":20,"35":3,"36":17,"37":3,"38":17,"39":3,"40":3,"41":3,"42":3,"43":3,"44":3,"45":3},"f":{"0":3,"1":3,"2":1,"3":3,"4":3,"5":3,"6":3,"7":3,"8":21,"9":3,"10":20,"11":17,"12":17},"b":{"0":[13,8],"1":[3,10],"2":[5,3],"3":[0,5],"4":[16,1],"5":[6,11]},"_coverageSchema":"1a1c01bbd47fc00a2c39e90264f33305004495a9","hash":"0cec210761e0df20ed9ad03383a4e7b698385be4"}
,"/home/kajen/repos/testing-practice/sum.js": {"path":"/home/kajen/repos/testing-practice/sum.js","statementMap":{"0":{"start":{"line":2,"column":2},"end":{"line":2,"column":15}}},"fnMap":{"0":{"name":"sum","decl":{"start":{"line":1,"column":9},"end":{"line":1,"column":12}},"loc":{"start":{"line":1,"column":19},"end":{"line":3,"column":1}},"line":1}},"branchMap":{},"s":{"0":1},"f":{"0":1},"b":{},"_coverageSchema":"1a1c01bbd47fc00a2c39e90264f33305004495a9","hash":"bca1901508fa8e6fcf8086d9e8b69f299f2f9217"}
}
