TN:
SF:myFunctions.js
FN:1,capitalize
FN:6,reverseString
FN:14,(anonymous_2)
FN:16,(anonymous_3)
FN:20,(anonymous_4)
FN:24,(anonymous_5)
FN:28,(anonymous_6)
FN:34,ceaserCipher
FN:45,shiftCharacter
FN:70,analyzeArray
FN:72,(anonymous_10)
FN:73,(anonymous_11)
FN:74,(anonymous_12)
FNF:13
FNH:13
FNDA:3,capitalize
FNDA:3,reverseString
FNDA:1,(anonymous_2)
FNDA:3,(anonymous_3)
FNDA:3,(anonymous_4)
FNDA:3,(anonymous_5)
FNDA:3,(anonymous_6)
FNDA:3,ceaserCipher
FNDA:21,shiftCharacter
FNDA:3,analyzeArray
FNDA:20,(anonymous_10)
FNDA:17,(anonymous_11)
FNDA:17,(anonymous_12)
DA:2,3
DA:3,3
DA:7,3
DA:8,3
DA:9,34
DA:11,3
DA:14,1
DA:15,1
DA:17,3
DA:21,3
DA:25,3
DA:29,3
DA:40,3
DA:41,3
DA:42,21
DA:46,21
DA:47,21
DA:49,21
DA:50,13
DA:51,13
DA:52,13
DA:53,3
DA:55,13
DA:56,8
DA:57,5
DA:58,5
DA:59,5
DA:60,0
DA:62,5
DA:64,3
DA:67,3
DA:71,3
DA:72,20
DA:73,17
DA:74,17
DA:75,3
DA:76,3
DA:78,3
DA:79,3
DA:80,3
DA:81,3
DA:83,3
LF:42
LH:41
BRDA:49,0,0,13
BRDA:49,0,1,8
BRDA:52,1,0,3
BRDA:52,1,1,10
BRDA:56,2,0,5
BRDA:56,2,1,3
BRDA:59,3,0,0
BRDA:59,3,1,5
BRDA:73,4,0,16
BRDA:73,4,1,1
BRDA:74,5,0,6
BRDA:74,5,1,11
BRF:12
BRH:11
end_of_record
TN:
SF:sum.js
FN:1,sum
FNF:1
FNH:1
FNDA:1,sum
DA:2,1
LF:1
LH:1
BRF:0
BRH:0
end_of_record
