TN:
SF:myFunctions.js
FN:1,capitalize
FN:6,reverseString
FN:10,(anonymous_2)
FN:12,(anonymous_3)
FN:13,(anonymous_4)
FN:14,(anonymous_5)
FN:15,(anonymous_6)
FN:19,ceaserCipher
FN:23,analyzeArray
FNF:9
FNH:2
FNDA:3,capitalize
FNDA:0,reverseString
FNDA:1,(anonymous_2)
FNDA:0,(anonymous_3)
FNDA:0,(anonymous_4)
FNDA:0,(anonymous_5)
FNDA:0,(anonymous_6)
FNDA:0,ceaserCipher
FNDA:0,analyzeArray
DA:2,3
DA:3,3
DA:7,0
DA:10,1
DA:11,1
DA:20,0
DA:24,0
LF:7
LH:4
BRF:0
BRH:0
end_of_record
TN:
SF:sum.js
FN:1,sum
FNF:1
FNH:1
FNDA:1,sum
DA:2,1
LF:1
LH:1
BRF:0
BRH:0
end_of_record
